\BOOKMARK [1][-]{section.1}{\376\377\230\171\166\356\200\314\146\157}{}% 1
\BOOKMARK [1][-]{section.2}{\376\377\156\220\116\343\170\001\145\207\116\366\150\021\213\364\146\016\217\331\221\314\167\001\165\145\116\206\000P\000y\000t\000h\000o\000n\217\320\210\114\145\366\116\247\165\037\166\204\177\023\133\130\145\207\116\366\060\002}{}% 2
\BOOKMARK [1][-]{section.3}{\376\377\213\276\213\241\140\035\215\357\116\016\122\237\200\375\122\006\147\220}{}% 3
\BOOKMARK [2][-]{subsection.3.1}{\376\377\204\045\225\000\116\373\122\241\117\030\121\110\214\003\136\246\152\041\127\127}{section.3}% 4
\BOOKMARK [3][-]{subsubsection.3.1.1}{\376\377\152\041\127\127\122\237\200\375\142\306\211\343\116\016\122\006\147\220}{subsection.3.1}% 5
\BOOKMARK [3][-]{subsubsection.3.1.2}{\376\377\122\237\200\375\133\236\163\260}{subsection.3.1}% 6
\BOOKMARK [3][-]{subsubsection.3.1.3}{\376\377\145\366\225\364\124\214\172\172\225\364\131\015\147\102\136\246\122\006\147\220}{subsection.3.1}% 7
\BOOKMARK [2][-]{subsection.3.2}{\376\377\133\242\142\067\177\121\176\334\116\016\137\161\124\315\122\233\117\040\144\255\122\006\147\220\152\041\127\127}{section.3}% 8
\BOOKMARK [3][-]{subsubsection.3.2.1}{\376\377\152\041\127\127\122\237\200\375\142\306\211\343\116\016\122\006\147\220}{subsection.3.2}% 9
\BOOKMARK [3][-]{subsubsection.3.2.2}{\376\377\122\237\200\375\133\236\163\260}{subsection.3.2}% 10
\BOOKMARK [3][-]{subsubsection.3.2.3}{\376\377\145\366\225\364\124\214\172\172\225\364\131\015\147\102\136\246\122\006\147\220}{subsection.3.2}% 11
\BOOKMARK [2][-]{subsection.3.3}{\376\377\125\106\124\301\145\160\143\156\150\300\175\042\152\041\127\127}{section.3}% 12
\BOOKMARK [3][-]{subsubsection.3.3.1}{\376\377\152\041\127\127\122\237\200\375\142\306\211\343\116\016\122\006\147\220}{subsection.3.3}% 13
\BOOKMARK [3][-]{subsubsection.3.3.2}{\376\377\122\237\200\375\133\236\163\260}{subsection.3.3}% 14
\BOOKMARK [3][-]{subsubsection.3.3.3}{\376\377\145\366\225\364\124\214\172\172\225\364\131\015\147\102\136\246\122\006\147\220}{subsection.3.3}% 15
\BOOKMARK [1][-]{section.4}{\376\377\145\071\217\333\140\035\215\357}{}% 16
\BOOKMARK [2][-]{subsection.4.1}{\376\377\204\045\225\000\116\373\122\241\117\030\121\110\214\003\136\246\152\041\127\127}{section.4}% 17
\BOOKMARK [2][-]{subsection.4.2}{\376\377\133\242\142\067\177\121\176\334\116\016\137\161\124\315\122\233\117\040\144\255\122\006\147\220\152\041\127\127}{section.4}% 18
\BOOKMARK [2][-]{subsection.4.3}{\376\377\125\106\124\301\145\160\143\156\150\300\175\042\152\041\127\127}{section.4}% 19
\BOOKMARK [1][-]{section.5}{\376\377\140\073\176\323}{}% 20
\BOOKMARK [1][-]{appendix.A}{\376\377\174\373\176\337\155\113\213\325\000D\000e\000m\000o}{}% 21
\BOOKMARK [1][-]{appendix.B}{\376\377\123\125\121\103\155\113\213\325\116\343\170\001}{}% 22
\BOOKMARK [2][-]{subsection.B.1}{\376\377\204\045\225\000\116\373\122\241\117\030\121\110\214\003\136\246\152\041\127\127}{appendix.B}% 23
\BOOKMARK [3][-]{subsubsection.B.1.1}{\376\377\000t\000e\000s\000t\000\137\000d\000e\000p\000e\000n\000d\000e\000n\000c\000y\000\137\000g\000r\000a\000p\000h\000.\000p\000y}{subsection.B.1}% 24
\BOOKMARK [3][-]{subsubsection.B.1.2}{\376\377\000t\000e\000s\000t\000\137\000u\000p\000d\000a\000t\000a\000b\000l\000e\000\137\000m\000a\000x\000\137\000h\000e\000a\000p\000.\000p\000y}{subsection.B.1}% 25
\BOOKMARK [3][-]{subsubsection.B.1.3}{\376\377\000t\000e\000s\000t\000\137\000m\000a\000r\000k\000e\000t\000i\000n\000g\000.\000p\000y}{subsection.B.1}% 26
\BOOKMARK [2][-]{subsection.B.2}{\376\377\133\242\142\067\177\121\176\334\116\016\137\161\124\315\122\233\117\040\144\255\122\006\147\220\152\041\127\127}{appendix.B}% 27
\BOOKMARK [3][-]{subsubsection.B.2.1}{\376\377\000t\000e\000s\000t\000\137\000c\000u\000s\000t\000o\000m\000e\000r\000\137\000g\000r\000a\000p\000h\000.\000p\000y}{subsection.B.2}% 28
\BOOKMARK [3][-]{subsubsection.B.2.2}{\376\377\000t\000e\000s\000t\000\137\000d\000f\000s\000\137\000i\000n\000f\000l\000u\000e\000n\000c\000e\000.\000p\000y}{subsection.B.2}% 29
\BOOKMARK [3][-]{subsubsection.B.2.3}{\376\377\000t\000e\000s\000t\000\137\000p\000a\000g\000e\000r\000a\000n\000k\000.\000p\000y}{subsection.B.2}% 30
\BOOKMARK [3][-]{subsubsection.B.2.4}{\376\377\000t\000e\000s\000t\000\137\000w\000e\000i\000g\000h\000t\000e\000d\000\137\000d\000e\000g\000r\000e\000e\000\137\000c\000e\000n\000t\000r\000a\000l\000i\000t\000y\000.\000p\000y}{subsection.B.2}% 31
\BOOKMARK [2][-]{subsection.B.3}{\376\377\125\106\124\301\145\160\143\156\150\300\175\042\152\041\127\127}{appendix.B}% 32
\BOOKMARK [3][-]{subsubsection.B.3.1}{\376\377\000t\000e\000s\000t\000\137\000b\000\137\000p\000l\000u\000s\000\137\000t\000r\000e\000e\000.\000p\000y}{subsection.B.3}% 33
\BOOKMARK [3][-]{subsubsection.B.3.2}{\376\377\000t\000e\000s\000t\000\137\000t\000r\000i\000e\000.\000p\000y}{subsection.B.3}% 34
\BOOKMARK [3][-]{subsubsection.B.3.3}{\376\377\000t\000e\000s\000t\000\137\000p\000r\000o\000d\000u\000c\000t\000.\000p\000y}{subsection.B.3}% 35
\BOOKMARK [1][-]{appendix.C}{\376\377\000L\000L\000M\135\345\121\167\117\177\165\050\213\364\146\016}{}% 36
